<?xml version="1.0" encoding="UTF-8"?>
<!-- Generated by org.testng.reporters.JUnitReportReporter -->
<testsuite skipped="0" hostname="DESKTOP-95O0H65" name="com.acme.testcases.TC001_ACMESystem_Country" tests="1" failures="0" timestamp="25 Dec 2019 18:28:51 GMT" time="18.518" errors="0">
  <testcase name="runTC001" time="18.518" classname="com.acme.testcases.TC001_ACMESystem_Country"/>
</testsuite> <!-- com.acme.testcases.TC001_ACMESystem_Country -->
