<?xml version="1.0" encoding="UTF-8"?>
<!-- Generated by org.testng.reporters.JUnitReportReporter -->
<testsuite skipped="0" hostname="DESKTOP-95O0H65" name="runner.TC001_ACMELogin_CountrySelection" tests="1" failures="0" timestamp="04 Jun 2020 13:17:11 GMT" time="24.724" errors="0">
  <testcase name="runScenario" time="24.724" classname="runner.TC001_ACMELogin_CountrySelection"/>
</testsuite> <!-- runner.TC001_ACMELogin_CountrySelection -->
